# JRE version: OpenJDK Runtime Environment (8.0_191-b12) (build 1.8.0_191-8u191-b12-0ubuntu0.16.04.1-b12)
# Java VM: OpenJDK 64-Bit Server VM (25.191-b12 mixed mode linux-amd64 compressed oops)
Heap:
 PSYoungGen      total 121856K, used 65691K [0x000000076e000000, 0x0000000775f80000, 0x00000007c0000000)
  eden space 117248K, 52% used [0x000000076e000000,0x0000000771c5bdb0,0x0000000775280000)
  from space 4608K, 84% used [0x0000000775b00000,0x0000000775ecb1e0,0x0000000775f80000)
  to   space 6656K, 0% used [0x0000000775280000,0x0000000775280000,0x0000000775900000)
 ParOldGen       total 191488K, used 19891K [0x00000006ca000000, 0x00000006d5b00000, 0x000000076e000000)
  object space 191488K, 10% used [0x00000006ca000000,0x00000006cb36cf00,0x00000006d5b00000)
 Metaspace       used 48528K, capacity 48916K, committed 49152K, reserved 1093632K
  class space    used 5370K, capacity 5512K, committed 5632K, reserved 1048576K
GC Heap History (10 events):
Event: 13577.177 GC heap before
{Heap before GC invocations=165 (full 72):
 PSYoungGen      total 131072K, used 30278K [0x000000076e000000, 0x0000000776700000, 0x00000007c0000000)
  eden space 123904K, 24% used [0x000000076e000000,0x000000076fd91b98,0x0000000775900000)
  from space 7168K, 0% used [0x0000000776000000,0x0000000776000000,0x0000000776700000)
  to   space 7168K, 0% used [0x0000000775900000,0x0000000775900000,0x0000000776000000)
 ParOldGen       total 191488K, used 20011K [0x00000006ca000000, 0x00000006d5b00000, 0x000000076e000000)
  object space 191488K, 10% used [0x00000006ca000000,0x00000006cb38ae18,0x00000006d5b00000)
 Metaspace       used 48431K, capacity 48852K, committed 49152K, reserved 1093632K
  class space    used 5368K, capacity 5512K, committed 5632K, reserved 1048576K
Event: 13577.182 GC heap after
Heap after GC invocations=165 (full 72):
 PSYoungGen      total 131072K, used 1227K [0x000000076e000000, 0x0000000776700000, 0x00000007c0000000)
  eden space 123904K, 0% used [0x000000076e000000,0x000000076e000000,0x0000000775900000)
  from space 7168K, 17% used [0x0000000775900000,0x0000000775a32fa0,0x0000000776000000)
  to   space 7168K, 0% used [0x0000000776000000,0x0000000776000000,0x0000000776700000)
 ParOldGen       total 191488K, used 20011K [0x00000006ca000000, 0x00000006d5b00000, 0x000000076e000000)
  object space 191488K, 10% used [0x00000006ca000000,0x00000006cb38ae18,0x00000006d5b00000)
 Metaspace       used 48431K, capacity 48852K, committed 49152K, reserved 1093632K
  class space    used 5368K, capacity 5512K, committed 5632K, reserved 1048576K
}
Event: 13577.182 GC heap before
{Heap before GC invocations=166 (full 73):
 PSYoungGen      total 131072K, used 1227K [0x000000076e000000, 0x0000000776700000, 0x00000007c0000000)
  eden space 123904K, 0% used [0x000000076e000000,0x000000076e000000,0x0000000775900000)
  from space 7168K, 17% used [0x0000000775900000,0x0000000775a32fa0,0x0000000776000000)
  to   space 7168K, 0% used [0x0000000776000000,0x0000000776000000,0x0000000776700000)
 ParOldGen       total 191488K, used 20011K [0x00000006ca000000, 0x00000006d5b00000, 0x000000076e000000)
  object space 191488K, 10% used [0x00000006ca000000,0x00000006cb38ae18,0x00000006d5b00000)
 Metaspace       used 48431K, capacity 48852K, committed 49152K, reserved 1093632K
  class space    used 5368K, capacity 5512K, committed 5632K, reserved 1048576K
Event: 13577.311 GC heap after
Heap after GC invocations=166 (full 73):
 PSYoungGen      total 131072K, used 0K [0x000000076e000000, 0x0000000776700000, 0x00000007c0000000)
  eden space 123904K, 0% used [0x000000076e000000,0x000000076e000000,0x0000000775900000)
  from space 7168K, 0% used [0x0000000775900000,0x0000000775900000,0x0000000776000000)
  to   space 7168K, 0% used [0x0000000776000000,0x0000000776000000,0x0000000776700000)
 ParOldGen       total 191488K, used 19883K [0x00000006ca000000, 0x00000006d5b00000, 0x000000076e000000)
  object space 191488K, 10% used [0x00000006ca000000,0x00000006cb36af00,0x00000006d5b00000)
 Metaspace       used 48431K, capacity 48852K, committed 49152K, reserved 1093632K
  class space    used 5368K, capacity 5512K, committed 5632K, reserved 1048576K
}
Event: 14227.214 GC heap before
{Heap before GC invocations=167 (full 73):
 PSYoungGen      total 131072K, used 123904K [0x000000076e000000, 0x0000000776700000, 0x00000007c0000000)
  eden space 123904K, 100% used [0x000000076e000000,0x0000000775900000,0x0000000775900000)
  from space 7168K, 0% used [0x0000000775900000,0x0000000775900000,0x0000000776000000)
  to   space 7168K, 0% used [0x0000000776000000,0x0000000776000000,0x0000000776700000)
 ParOldGen       total 191488K, used 19883K [0x00000006ca000000, 0x00000006d5b00000, 0x000000076e000000)
  object space 191488K, 10% used [0x00000006ca000000,0x00000006cb36af00,0x00000006d5b00000)
 Metaspace       used 48469K, capacity 48916K, committed 49152K, reserved 1093632K
  class space    used 5368K, capacity 5512K, committed 5632K, reserved 1048576K
Event: 14227.221 GC heap after
Heap after GC invocations=167 (full 73):
 PSYoungGen      total 124928K, used 2091K [0x000000076e000000, 0x0000000776380000, 0x00000007c0000000)
  eden space 121344K, 0% used [0x000000076e000000,0x000000076e000000,0x0000000775680000)
  from space 3584K, 58% used [0x0000000776000000,0x000000077620afa0,0x0000000776380000)
  to   space 6656K, 0% used [0x0000000775680000,0x0000000775680000,0x0000000775d00000)
 ParOldGen       total 191488K, used 19883K [0x00000006ca000000, 0x00000006d5b00000, 0x000000076e000000)
  object space 191488K, 10% used [0x00000006ca000000,0x00000006cb36af00,0x00000006d5b00000)
 Metaspace       used 48469K, capacity 48916K, committed 49152K, reserved 1093632K
  class space    used 5368K, capacity 5512K, committed 5632K, reserved 1048576K
}
Event: 14705.828 GC heap before
{Heap before GC invocations=168 (full 73):
 PSYoungGen      total 124928K, used 123435K [0x000000076e000000, 0x0000000776380000, 0x00000007c0000000)
  eden space 121344K, 100% used [0x000000076e000000,0x0000000775680000,0x0000000775680000)
  from space 3584K, 58% used [0x0000000776000000,0x000000077620afa0,0x0000000776380000)
  to   space 6656K, 0% used [0x0000000775680000,0x0000000775680000,0x0000000775d00000)
 ParOldGen       total 191488K, used 19883K [0x00000006ca000000, 0x00000006d5b00000, 0x000000076e000000)
  object space 191488K, 10% used [0x00000006ca000000,0x00000006cb36af00,0x00000006d5b00000)
 Metaspace       used 48477K, capacity 48916K, committed 49152K, reserved 1093632K
  class space    used 5368K, capacity 5512K, committed 5632K, reserved 1048576K
Event: 14705.832 GC heap after
Heap after GC invocations=168 (full 73):
 PSYoungGen      total 123392K, used 3604K [0x000000076e000000, 0x0000000776180000, 0x00000007c0000000)
  eden space 119296K, 0% used [0x000000076e000000,0x000000076e000000,0x0000000775480000)
  from space 4096K, 88% used [0x0000000775680000,0x0000000775a052a0,0x0000000775a80000)
  to   space 6656K, 0% used [0x0000000775b00000,0x0000000775b00000,0x0000000776180000)
 ParOldGen       total 191488K, used 19891K [0x00000006ca000000, 0x00000006d5b00000, 0x000000076e000000)
  object space 191488K, 10% used [0x00000006ca000000,0x00000006cb36cf00,0x00000006d5b00000)
 Metaspace       used 48477K, capacity 48916K, committed 49152K, reserved 1093632K
  class space    used 5368K, capacity 5512K, committed 5632K, reserved 1048576K
}
Event: 15196.819 GC heap before
{Heap before GC invocations=169 (full 73):
 PSYoungGen      total 123392K, used 122900K [0x000000076e000000, 0x0000000776180000, 0x00000007c0000000)
  eden space 119296K, 100% used [0x000000076e000000,0x0000000775480000,0x0000000775480000)
  from space 4096K, 88% used [0x0000000775680000,0x0000000775a052a0,0x0000000775a80000)
  to   space 6656K, 0% used [0x0000000775b00000,0x0000000775b00000,0x0000000776180000)
 ParOldGen       total 191488K, used 19891K [0x00000006ca000000, 0x00000006d5b00000, 0x000000076e000000)
  object space 191488K, 10% used [0x00000006ca000000,0x00000006cb36cf00,0x00000006d5b00000)
 Metaspace       used 48485K, capacity 48916K, committed 49152K, reserved 1093632K
  class space    used 5369K, capacity 5512K, committed 5632K, reserved 1048576K
Event: 15196.829 GC heap after
Heap after GC invocations=169 (full 73):
 PSYoungGen      total 121856K, used 3884K [0x000000076e000000, 0x0000000775f80000, 0x00000007c0000000)
  eden space 117248K, 0% used [0x000000076e000000,0x000000076e000000,0x0000000775280000)
  from space 4608K, 84% used [0x0000000775b00000,0x0000000775ecb1e0,0x0000000775f80000)
  to   space 6656K, 0% used [0x0000000775280000,0x0000000775280000,0x0000000775900000)
 ParOldGen       total 191488K, used 19891K [0x00000006ca000000, 0x00000006d5b00000, 0x000000076e000000)
  object space 191488K, 10% used [0x00000006ca000000,0x00000006cb36cf00,0x00000006d5b00000)
 Metaspace       used 48485K, capacity 48916K, committed 49152K, reserved 1093632K
  class space    used 5369K, capacity 5512K, committed 5632K, reserved 1048576K
}

